<?xml version="1.0"?>
<testsuite name="HeadlessChrome 73.0.3683 (Windows 10.0.0)" package="" timestamp="2019-03-18T01:18:18" id="0" hostname="MININT-1VUQN5J1" tests="3" errors="1" failures="3" time="0.209">
  <properties>
    <property name="browser.fullName" value="Mozilla/5.0 (Windows NT 10.0; Win64; x64) AppleWebKit/537.36 (KHTML, like Gecko) HeadlessChrome/73.0.3683.75 Safari/537.36"/>
  </properties>
  <testcase name="AppComponent should create the app" time="0.114" classname="HeadlessChrome_73_0_3683_(Windows_10_0_0).AppComponent">
    <failure type="">Error: StaticInjectorError(DynamicTestModule)[AppComponent -&gt; HttpClient]: 
  StaticInjectorError(Platform: core)[AppComponent -&gt; HttpClient]: 
    NullInjectorError: No provider for HttpClient!
    at NullInjector.push../node_modules/@angular/core/fesm5/core.js.NullInjector.get (node_modules/@angular/core/fesm5/core.js:8895:1)
    at resolveToken (node_modules/@angular/core/fesm5/core.js:9140:1)
    at tryResolveToken (node_modules/@angular/core/fesm5/core.js:9084:1)
    at StaticInjector.push../node_modules/@angular/core/fesm5/core.js.StaticInjector.get (node_modules/@angular/core/fesm5/core.js:8981:1)
    at resolveToken (node_modules/@angular/core/fesm5/core.js:9140:1)
    at tryResolveToken (node_modules/@angular/core/fesm5/core.js:9084:1)
    at StaticInjector.push../node_modules/@angular/core/fesm5/core.js.StaticInjector.get (node_modules/@angular/core/fesm5/core.js:8981:1)
    at resolveNgModuleDep (node_modules/@angular/core/fesm5/core.js:21217:1)
    at NgModuleRef_.push../node_modules/@angular/core/fesm5/core.js.NgModuleRef_.get (node_modules/@angular/core/fesm5/core.js:21906:1)
    at resolveDep (node_modules/@angular/core/fesm5/core.js:22277:1)
</failure>
  </testcase>
  <testcase name="AppComponent should have as title 'ngColomboAI'" time="0.055" classname="HeadlessChrome_73_0_3683_(Windows_10_0_0).AppComponent">
    <failure type="">Error: StaticInjectorError(DynamicTestModule)[AppComponent -&gt; HttpClient]: 
  StaticInjectorError(Platform: core)[AppComponent -&gt; HttpClient]: 
    NullInjectorError: No provider for HttpClient!
    at NullInjector.push../node_modules/@angular/core/fesm5/core.js.NullInjector.get (node_modules/@angular/core/fesm5/core.js:8895:1)
    at resolveToken (node_modules/@angular/core/fesm5/core.js:9140:1)
    at tryResolveToken (node_modules/@angular/core/fesm5/core.js:9084:1)
    at StaticInjector.push../node_modules/@angular/core/fesm5/core.js.StaticInjector.get (node_modules/@angular/core/fesm5/core.js:8981:1)
    at resolveToken (node_modules/@angular/core/fesm5/core.js:9140:1)
    at tryResolveToken (node_modules/@angular/core/fesm5/core.js:9084:1)
    at StaticInjector.push../node_modules/@angular/core/fesm5/core.js.StaticInjector.get (node_modules/@angular/core/fesm5/core.js:8981:1)
    at resolveNgModuleDep (node_modules/@angular/core/fesm5/core.js:21217:1)
    at NgModuleRef_.push../node_modules/@angular/core/fesm5/core.js.NgModuleRef_.get (node_modules/@angular/core/fesm5/core.js:21906:1)
    at resolveDep (node_modules/@angular/core/fesm5/core.js:22277:1)
</failure>
  </testcase>
  <testcase name="AppComponent should render title in a h1 tag" time="0.04" classname="HeadlessChrome_73_0_3683_(Windows_10_0_0).AppComponent">
    <failure type="">Error: StaticInjectorError(DynamicTestModule)[AppComponent -&gt; HttpClient]: 
  StaticInjectorError(Platform: core)[AppComponent -&gt; HttpClient]: 
    NullInjectorError: No provider for HttpClient!
    at NullInjector.push../node_modules/@angular/core/fesm5/core.js.NullInjector.get (node_modules/@angular/core/fesm5/core.js:8895:1)
    at resolveToken (node_modules/@angular/core/fesm5/core.js:9140:1)
    at tryResolveToken (node_modules/@angular/core/fesm5/core.js:9084:1)
    at StaticInjector.push../node_modules/@angular/core/fesm5/core.js.StaticInjector.get (node_modules/@angular/core/fesm5/core.js:8981:1)
    at resolveToken (node_modules/@angular/core/fesm5/core.js:9140:1)
    at tryResolveToken (node_modules/@angular/core/fesm5/core.js:9084:1)
    at StaticInjector.push../node_modules/@angular/core/fesm5/core.js.StaticInjector.get (node_modules/@angular/core/fesm5/core.js:8981:1)
    at resolveNgModuleDep (node_modules/@angular/core/fesm5/core.js:21217:1)
    at NgModuleRef_.push../node_modules/@angular/core/fesm5/core.js.NgModuleRef_.get (node_modules/@angular/core/fesm5/core.js:21906:1)
    at resolveDep (node_modules/@angular/core/fesm5/core.js:22277:1)
</failure>
  </testcase>
  <system-out>
    <![CDATA[
]]>
  </system-out>
  <system-err/>
</testsuite>